<?xml version="1.0" encoding="UTF-8"?>
<testng-results skipped="0" failed="0" total="0" passed="0">
  <reporter-output>
  </reporter-output>
  <suite name="Authoring Parallel test runs" duration-ms="7" started-at="2019-08-11T01:34:57Z" finished-at="2019-08-11T01:34:57Z">
    <groups>
    </groups>
    <test name="Thread-1" duration-ms="7" started-at="2019-08-11T01:34:57Z" finished-at="2019-08-11T01:34:57Z">
    </test> <!-- Thread-1 -->
  </suite> <!-- Authoring Parallel test runs -->
</testng-results>
